Arguments: 
  /usr/local/Cellar/node/9.3.0_1/bin/node /usr/local/Cellar/yarn/1.3.2/libexec/bin/yarn.js debug

PATH: 
  /Users/igorkamysev/.rvm/gems/ruby-2.4.0/bin:/Users/igorkamysev/.rvm/gems/ruby-2.4.0@global/bin:/Users/igorkamysev/.rvm/rubies/ruby-2.4.0/bin:/Users/igorkamysev/.pyenv/shims:/Users/igorkamysev/.pyenv/bin:/usr/local/bin:/usr/bin:/bin:/usr/sbin:/sbin:/opt/X11/bin:/Library/Frameworks/Mono.framework/Versions/Current/Commands:/Users/igorkamysev/.rvm/gems/ruby-2.4.0/bin:/Users/igorkamysev/.rvm/gems/ruby-2.4.0@global/bin:/Users/igorkamysev/.rvm/rubies/ruby-2.4.0/bin:/Users/igorkamysev/.pyenv/shims:/Users/igorkamysev/.pyenv/bin:/Users/igorkamysev/.rvm/bin:/Users/igorkamysev/.rvm/bin

Yarn version: 
  1.3.2

Node version: 
  9.3.0

Platform: 
  darwin x64

npm manifest: 
  {
    "name": "chapter10",
    "version": "1.0.0",
    "description": "",
    "main": "index.js",
    "scripts": {
      "test": "echo \"Error: no test specified\" && exit 1",
      "start": "node index.js",
      "debug": "yarn start --inspect",
    },
    "author": "Igor Kamyshev",
    "license": "MIT"
  }

yarn manifest: 
  No manifest

Lockfile: 
  No lockfile

Trace: 
  SyntaxError: /Users/igorkamysev/Code/node-hero/chapter10/package.json: Unexpected token } in JSON at position 233
      at JSON.parse (<anonymous>)
      at /usr/local/Cellar/yarn/1.3.2/libexec/lib/cli.js:770:59
      at Generator.next (<anonymous>)
      at step (/usr/local/Cellar/yarn/1.3.2/libexec/lib/cli.js:92:30)
      at /usr/local/Cellar/yarn/1.3.2/libexec/lib/cli.js:103:13
      at <anonymous>
